<?xml version="1.0" encoding="UTF-8"?>
<!-- Generated by org.testng.reporters.JUnitReportReporter -->
<testsuite hostname="YaldaAlzaghah" failures="0" tests="10" name="standard_user.StandardUserTests" time="28.385" errors="0" timestamp="2026-02-08T00:33:23 EET" skipped="0">
  <testcase classname="standard_user.StandardUserTests" name="Login" time="2.972"/>
  <testcase classname="standard_user.StandardUserTests" name="VerifyProductsPage" time="1.036"/>
  <testcase classname="standard_user.StandardUserTests" name="VerifyProductsCount" time="1.026"/>
  <testcase classname="standard_user.StandardUserTests" name="AddAllProductsToCart" time="4.912"/>
  <testcase classname="standard_user.StandardUserTests" name="RemoveProductFromCart" time="1.216"/>
  <testcase classname="standard_user.StandardUserTests" name="GoToCartPage" time="1.660"/>
  <testcase classname="standard_user.StandardUserTests" name="SortProductsLowToHigh" time="3.121"/>
  <testcase classname="standard_user.StandardUserTests" name="SortProductsHighToLow" time="1.817"/>
  <testcase classname="standard_user.StandardUserTests" name="Checkout" time="7.725"/>
  <testcase classname="standard_user.StandardUserTests" name="Logout" time="2.900"/>
</testsuite> <!-- standard_user.StandardUserTests -->
