<?xml version="1.0" encoding="UTF-8"?>
<!-- Generated by org.testng.reporters.JUnitXMLReporter -->
<testsuite ignored="0" hostname="YaldaAlzaghah" failures="0" tests="10" name="Test" time="6.589" errors="0" timestamp="2026-02-04T18:03:53 EET">
  <testcase classname="standard_user.StandardUserTests" name="Login" time="0.391"/>
  <testcase classname="standard_user.StandardUserTests" name="VerifyProductsPage" time="0.045"/>
  <testcase classname="standard_user.StandardUserTests" name="VerifyProductsCount" time="0.026"/>
  <testcase classname="standard_user.StandardUserTests" name="AddAllProductsToCart" time="0.677"/>
  <testcase classname="standard_user.StandardUserTests" name="RemoveProductFromCart" time="0.185"/>
  <testcase classname="standard_user.StandardUserTests" name="GoToCartPage" time="0.153"/>
  <testcase classname="standard_user.StandardUserTests" name="SortProductsLowToHigh" time="0.463"/>
  <testcase classname="standard_user.StandardUserTests" name="SortProductsHighToLow" time="0.275"/>
  <testcase classname="standard_user.StandardUserTests" name="Checkout" time="0.905"/>
  <testcase classname="standard_user.StandardUserTests" name="Logout" time="0.308"/>
</testsuite> <!-- Test -->
